<?xml version="1.0" encoding="UTF-8"?>
<testsuite name="com.medical.springserver.SpringServerApplicationTests" tests="1" skipped="0" failures="0" errors="0" timestamp="2023-06-21T15:42:17" hostname="DESKTOP-5UCP1D2" time="3.184">
  <properties/>
  <testcase name="addUsuarioTest()" classname="com.medical.springserver.SpringServerApplicationTests" time="3.184"/>
  <system-out><![CDATA[
  .   ____          _            __ _ _
 /\\ / ___'_ __ _ _(_)_ __  __ _ \ \ \ \
( ( )\___ | '_ | '_| | '_ \/ _` | \ \ \ \
 \\/  ___)| |_)| | | | | || (_| |  ) ) ) )
  '  |____| .__|_| |_|_| |_\__, | / / / /
 =========|_|==============|___/=/_/_/_/
 :: Spring Boot ::                (v3.1.0)

2023-06-21T12:42:11.429-03:00  INFO 15820 --- [    Test worker] c.m.s.SpringServerApplicationTests       : Starting SpringServerApplicationTests using Java 17.0.4.1 with PID 15820 (started by lucas in C:\Users\lucas\OneDrive\Documentos\GitHub\mediCAL\SpringServer\SpringServer)
2023-06-21T12:42:11.437-03:00  INFO 15820 --- [    Test worker] c.m.s.SpringServerApplicationTests       : No active profile set, falling back to 1 default profile: "default"
2023-06-21T12:42:12.316-03:00  INFO 15820 --- [    Test worker] .s.d.r.c.RepositoryConfigurationDelegate : Bootstrapping Spring Data JPA repositories in DEFAULT mode.
2023-06-21T12:42:12.405-03:00  INFO 15820 --- [    Test worker] .s.d.r.c.RepositoryConfigurationDelegate : Finished Spring Data repository scanning in 79 ms. Found 8 JPA repository interfaces.
2023-06-21T12:42:13.012-03:00  INFO 15820 --- [    Test worker] o.hibernate.jpa.internal.util.LogHelper  : HHH000204: Processing PersistenceUnitInfo [name: default]
2023-06-21T12:42:13.091-03:00  INFO 15820 --- [    Test worker] org.hibernate.Version                    : HHH000412: Hibernate ORM core version 6.2.2.Final
2023-06-21T12:42:13.093-03:00  INFO 15820 --- [    Test worker] org.hibernate.cfg.Environment            : HHH000406: Using bytecode reflection optimizer
2023-06-21T12:42:13.361-03:00  INFO 15820 --- [    Test worker] o.h.b.i.BytecodeProviderInitiator        : HHH000021: Bytecode provider name : bytebuddy
2023-06-21T12:42:13.590-03:00  INFO 15820 --- [    Test worker] o.s.o.j.p.SpringPersistenceUnitInfo      : No LoadTimeWeaver setup: ignoring JPA class transformer
2023-06-21T12:42:13.612-03:00  INFO 15820 --- [    Test worker] com.zaxxer.hikari.HikariDataSource       : HikariPool-1 - Starting...
2023-06-21T12:42:14.172-03:00  INFO 15820 --- [    Test worker] com.zaxxer.hikari.pool.HikariPool        : HikariPool-1 - Added connection com.mysql.cj.jdbc.ConnectionImpl@6a6e9289
2023-06-21T12:42:14.175-03:00  INFO 15820 --- [    Test worker] com.zaxxer.hikari.HikariDataSource       : HikariPool-1 - Start completed.
2023-06-21T12:42:14.281-03:00  INFO 15820 --- [    Test worker] org.hibernate.orm.dialect                : HHH035001: Using dialect: org.hibernate.dialect.MySQL8Dialect, version: 8.0
2023-06-21T12:42:14.285-03:00  WARN 15820 --- [    Test worker] org.hibernate.orm.deprecation            : HHH90000026: MySQL8Dialect has been deprecated; use org.hibernate.dialect.MySQLDialect instead
2023-06-21T12:42:14.617-03:00  INFO 15820 --- [    Test worker] o.h.b.i.BytecodeProviderInitiator        : HHH000021: Bytecode provider name : bytebuddy
2023-06-21T12:42:15.534-03:00  INFO 15820 --- [    Test worker] o.h.e.t.j.p.i.JtaPlatformInitiator       : HHH000490: Using JtaPlatform implementation: [org.hibernate.engine.transaction.jta.platform.internal.NoJtaPlatform]
2023-06-21T12:42:15.785-03:00  INFO 15820 --- [    Test worker] j.LocalContainerEntityManagerFactoryBean : Initialized JPA EntityManagerFactory for persistence unit 'default'
2023-06-21T12:42:16.348-03:00  WARN 15820 --- [    Test worker] JpaBaseConfiguration$JpaWebConfiguration : spring.jpa.open-in-view is enabled by default. Therefore, database queries may be performed during view rendering. Explicitly configure spring.jpa.open-in-view to disable this warning
2023-06-21T12:42:17.253-03:00  INFO 15820 --- [    Test worker] c.m.s.SpringServerApplicationTests       : Started SpringServerApplicationTests in 6.319 seconds (process running for 8.279)
]]></system-out>
  <system-err><![CDATA[]]></system-err>
</testsuite>
