<?xml version="1.0" encoding="UTF-8"?>
<testsuite name="com.medical.springserver.SpringServerApplicationTests" tests="1" skipped="0" failures="0" errors="0" timestamp="2023-06-19T22:24:24" hostname="DESKTOP-5UCP1D2" time="1.778">
  <properties/>
  <testcase name="addUsuarioTest()" classname="com.medical.springserver.SpringServerApplicationTests" time="1.778"/>
  <system-out><![CDATA[
  .   ____          _            __ _ _
 /\\ / ___'_ __ _ _(_)_ __  __ _ \ \ \ \
( ( )\___ | '_ | '_| | '_ \/ _` | \ \ \ \
 \\/  ___)| |_)| | | | | || (_| |  ) ) ) )
  '  |____| .__|_| |_|_| |_\__, | / / / /
 =========|_|==============|___/=/_/_/_/
 :: Spring Boot ::                (v3.1.0)

2023-06-19T19:24:20.591-03:00  INFO 3592 --- [    Test worker] c.m.s.SpringServerApplicationTests       : Starting SpringServerApplicationTests using Java 17.0.4.1 with PID 3592 (started by lucas in C:\Users\lucas\OneDrive\Desktop\Facultad\Proyecto Final\SpringServer\SpringServer)
2023-06-19T19:24:20.595-03:00  INFO 3592 --- [    Test worker] c.m.s.SpringServerApplicationTests       : No active profile set, falling back to 1 default profile: "default"
2023-06-19T19:24:21.377-03:00  INFO 3592 --- [    Test worker] .s.d.r.c.RepositoryConfigurationDelegate : Bootstrapping Spring Data JPA repositories in DEFAULT mode.
2023-06-19T19:24:21.465-03:00  INFO 3592 --- [    Test worker] .s.d.r.c.RepositoryConfigurationDelegate : Finished Spring Data repository scanning in 73 ms. Found 1 JPA repository interfaces.
2023-06-19T19:24:21.999-03:00  INFO 3592 --- [    Test worker] o.hibernate.jpa.internal.util.LogHelper  : HHH000204: Processing PersistenceUnitInfo [name: default]
2023-06-19T19:24:22.084-03:00  INFO 3592 --- [    Test worker] org.hibernate.Version                    : HHH000412: Hibernate ORM core version 6.2.2.Final
2023-06-19T19:24:22.087-03:00  INFO 3592 --- [    Test worker] org.hibernate.cfg.Environment            : HHH000406: Using bytecode reflection optimizer
2023-06-19T19:24:22.260-03:00  INFO 3592 --- [    Test worker] o.h.b.i.BytecodeProviderInitiator        : HHH000021: Bytecode provider name : bytebuddy
2023-06-19T19:24:22.421-03:00  INFO 3592 --- [    Test worker] o.s.o.j.p.SpringPersistenceUnitInfo      : No LoadTimeWeaver setup: ignoring JPA class transformer
2023-06-19T19:24:22.443-03:00  INFO 3592 --- [    Test worker] com.zaxxer.hikari.HikariDataSource       : HikariPool-1 - Starting...
2023-06-19T19:24:22.800-03:00  INFO 3592 --- [    Test worker] com.zaxxer.hikari.pool.HikariPool        : HikariPool-1 - Added connection com.mysql.cj.jdbc.ConnectionImpl@74bdfa0b
2023-06-19T19:24:22.803-03:00  INFO 3592 --- [    Test worker] com.zaxxer.hikari.HikariDataSource       : HikariPool-1 - Start completed.
2023-06-19T19:24:22.884-03:00  INFO 3592 --- [    Test worker] org.hibernate.orm.dialect                : HHH035001: Using dialect: org.hibernate.dialect.MySQL8Dialect, version: 8.0
2023-06-19T19:24:22.886-03:00  WARN 3592 --- [    Test worker] org.hibernate.orm.deprecation            : HHH90000026: MySQL8Dialect has been deprecated; use org.hibernate.dialect.MySQLDialect instead
2023-06-19T19:24:23.211-03:00  INFO 3592 --- [    Test worker] o.h.b.i.BytecodeProviderInitiator        : HHH000021: Bytecode provider name : bytebuddy
2023-06-19T19:24:23.953-03:00  INFO 3592 --- [    Test worker] o.h.e.t.j.p.i.JtaPlatformInitiator       : HHH000490: Using JtaPlatform implementation: [org.hibernate.engine.transaction.jta.platform.internal.NoJtaPlatform]
2023-06-19T19:24:24.023-03:00  INFO 3592 --- [    Test worker] j.LocalContainerEntityManagerFactoryBean : Initialized JPA EntityManagerFactory for persistence unit 'default'
2023-06-19T19:24:24.451-03:00  WARN 3592 --- [    Test worker] JpaBaseConfiguration$JpaWebConfiguration : spring.jpa.open-in-view is enabled by default. Therefore, database queries may be performed during view rendering. Explicitly configure spring.jpa.open-in-view to disable this warning
2023-06-19T19:24:24.891-03:00  INFO 3592 --- [    Test worker] c.m.s.SpringServerApplicationTests       : Started SpringServerApplicationTests in 4.631 seconds (process running for 6.428)
]]></system-out>
  <system-err><![CDATA[]]></system-err>
</testsuite>
